<?xml version="1.0" encoding="UTF-8"?>
<!-- Generated by org.testng.reporters.JUnitReportReporter -->
<testsuite skipped="0" hostname="Abdullah-Obaid" name="test.LoginTest" tests="1" failures="0" timestamp="2022-04-09T17:19:21 CDT" time="11.522" errors="0">
  <testcase name="validUserShouldBeAbleToLogin" time="11.522" classname="test.LoginTest"/>
  <system-out/>
</testsuite> <!-- test.LoginTest -->
